2021-07-01T11:08:32+00:00	fluent.info	{"pid":15,"ppid":7,"worker":0,"message":"starting fluentd worker pid=15 ppid=7 worker=0"}
2021-07-01T11:08:32+00:00	fluent.info	{"worker":0,"message":"fluentd worker is now running worker=0"}
2021-07-01T11:08:59+00:00	fluent.info	{"worker":0,"message":"fluentd worker is now stopping worker=0"}
2021-07-01T11:09:22+00:00	fluent.info	{"pid":16,"ppid":8,"worker":0,"message":"starting fluentd worker pid=16 ppid=8 worker=0"}
2021-07-01T11:09:22+00:00	fluent.info	{"worker":0,"message":"fluentd worker is now running worker=0"}
2021-07-01T11:09:46+00:00	fluent.info	{"worker":0,"message":"fluentd worker is now stopping worker=0"}
2021-07-01T11:09:53+00:00	fluent.info	{"pid":15,"ppid":7,"worker":0,"message":"starting fluentd worker pid=15 ppid=7 worker=0"}
2021-07-01T11:09:53+00:00	fluent.info	{"worker":0,"message":"fluentd worker is now running worker=0"}
2021-07-01T11:10:07+00:00	fluent.info	{"worker":0,"message":"fluentd worker is now stopping worker=0"}
2021-07-01T11:10:45+00:00	fluent.info	{"pid":17,"ppid":9,"worker":0,"message":"starting fluentd worker pid=17 ppid=9 worker=0"}
2021-07-01T11:10:45+00:00	fluent.info	{"worker":0,"message":"fluentd worker is now running worker=0"}
2021-07-01T11:11:28+00:00	fluent.info	{"worker":0,"message":"fluentd worker is now stopping worker=0"}
2021-07-01T11:11:36+00:00	fluent.info	{"pid":16,"ppid":8,"worker":0,"message":"starting fluentd worker pid=16 ppid=8 worker=0"}
2021-07-01T11:11:36+00:00	fluent.info	{"worker":0,"message":"fluentd worker is now running worker=0"}
2021-07-01T11:12:04+00:00	fluent.info	{"worker":0,"message":"fluentd worker is now stopping worker=0"}
2021-07-01T11:12:19+00:00	fluent.info	{"pid":16,"ppid":8,"worker":0,"message":"starting fluentd worker pid=16 ppid=8 worker=0"}
2021-07-01T11:12:19+00:00	fluent.info	{"worker":0,"message":"fluentd worker is now running worker=0"}
2021-07-01T11:12:56+00:00	fluent.info	{"worker":0,"message":"fluentd worker is now stopping worker=0"}
2021-07-01T11:13:02+00:00	fluent.info	{"pid":16,"ppid":8,"worker":0,"message":"starting fluentd worker pid=16 ppid=8 worker=0"}
2021-07-01T11:13:02+00:00	fluent.info	{"worker":0,"message":"fluentd worker is now running worker=0"}
2021-07-01T11:13:06+00:00	http-myapp.log	{"name":"eurusTech","counter":1}
2021-07-01T11:13:11+00:00	http-myapp.log	{"name":"eurusTech","counter":2}
2021-07-01T11:13:16+00:00	http-myapp.log	{"name":"eurusTech","counter":3}
2021-07-01T11:13:21+00:00	http-myapp.log	{"name":"eurusTech","counter":4}
2021-07-01T11:13:25+00:00	fluent.info	{"worker":0,"message":"fluentd worker is now stopping worker=0"}
2021-07-01T11:13:58+00:00	fluent.info	{"pid":15,"ppid":7,"worker":0,"message":"starting fluentd worker pid=15 ppid=7 worker=0"}
2021-07-01T11:13:58+00:00	fluent.info	{"worker":0,"message":"fluentd worker is now running worker=0"}
2021-07-01T11:14:00+00:00	http-myapp.log	{"name":"eurusTech","counter":1}
2021-07-01T11:14:05+00:00	http-myapp.log	{"name":"eurusTech","counter":2}
2021-07-01T11:14:10+00:00	http-myapp.log	{"name":"eurusTech","counter":3}
2021-07-01T11:14:15+00:00	http-myapp.log	{"name":"eurusTech","counter":4}
2021-07-01T11:14:20+00:00	http-myapp.log	{"name":"eurusTech","counter":5}
2021-07-01T11:14:23+00:00	fluent.info	{"worker":0,"message":"fluentd worker is now stopping worker=0"}
2021-07-01T11:14:49+00:00	fluent.info	{"pid":16,"ppid":8,"worker":0,"message":"starting fluentd worker pid=16 ppid=8 worker=0"}
2021-07-01T11:14:49+00:00	fluent.info	{"worker":0,"message":"fluentd worker is now running worker=0"}
2021-07-01T11:14:53+00:00	http-myapp.log	{"name":"SHEHERYAR","counter":1}
2021-07-01T11:14:54+00:00	http-myapp.log	{"name":"AMMAR","counter":1}
2021-07-01T11:14:59+00:00	http-myapp.log	{"name":"SHEHERYAR","counter":2}
2021-07-01T11:14:59+00:00	http-myapp.log	{"name":"AMMAR","counter":2}
2021-07-01T11:15:04+00:00	http-myapp.log	{"name":"SHEHERYAR","counter":3}
2021-07-01T11:15:04+00:00	http-myapp.log	{"name":"AMMAR","counter":3}
2021-07-01T11:15:09+00:00	http-myapp.log	{"name":"SHEHERYAR","counter":4}
2021-07-01T11:15:09+00:00	http-myapp.log	{"name":"AMMAR","counter":4}
2021-07-01T11:15:14+00:00	http-myapp.log	{"name":"SHEHERYAR","counter":5}
2021-07-01T11:15:14+00:00	http-myapp.log	{"name":"AMMAR","counter":5}
2021-07-01T11:15:16+00:00	fluent.info	{"worker":0,"message":"fluentd worker is now stopping worker=0"}
